<?xml version="1.0" encoding="UTF-8" ?>
<testsuite errors="0" failures="0" hostname="RyzenMint" name="com.it2b.adFinalAssignment.tests.SmartBubbleSortTest" skipped="0" tests="2" time="0.099" timestamp="2018-04-09T13:52:57">
  <properties>
[...]
</properties>
  <testcase classname="com.it2b.adFinalAssignment.tests.SmartBubbleSortTest" name="testPreSorted" time="0.001" />
  <testcase classname="com.it2b.adFinalAssignment.tests.SmartBubbleSortTest" name="testSmartBubbleSort" time="0.001" />
  <system-out><![CDATA[]]></system-out>
  <system-err><![CDATA[]]></system-err>
</testsuite>
